<?xml version="1.0" encoding="UTF-8"?>
<!-- Generated by org.testng.reporters.JUnitXMLReporter -->
<testsuite hostname="capelrd64424445.inedc.corpintra.net" ignored="0" name="Test" tests="4" failures="0" timestamp="2020-01-11T04:06:03 IST" time="234.877" errors="0">
  <testcase name="verifyErrorMessagesOnFillingIncompleteForm" time="5.444" classname="com.assignment.vl.tests.EmployeeTest"/>
  <testcase name="deleteEmployeeAndVerify" time="4.352" classname="com.assignment.vl.tests.EmployeeTest"/>
  <testcase name="verifyAdvertisementAppearsAfterEveryTwoEmployeesAdded" time="61.784" classname="com.assignment.vl.tests.EmployeeTest"/>
  <testcase name="Add_9_usersInALoopAndDelete_1_2_9_AndDismissAllAds" time="147.007" classname="com.assignment.vl.tests.EmployeeTest"/>
</testsuite> <!-- Test -->
